Already up to date.
Your branch is up to date with 'origin/jm-test'.
Already on 'jm-test'
Already up to date.
Your branch is up to date with 'origin/jm-test'.
Switched to branch 'jm-test'
Already up to date.
Your branch is up to date with 'origin/develop'.
Already on 'develop'
Already up to date.
Already up to date.
M	benchmarks/02-settling/Size0001/inputs
M	benchmarks/02-settling/Size0001/inputs.box
M	benchmarks/02-settling/Size0001/inputs.box.no_fluid
M	benchmarks/02-settling/Size0001/inputs.no_fluid
M	benchmarks/02-settling/Size0004/inputs
M	benchmarks/02-settling/Size0016/inputs
M	benchmarks/02-settling/Size0064/inputs
M	benchmarks/02-settling/Size0256/inputs
M	benchmarks/02-settling/Size1024/inputs
M	benchmarks/03-fluidbed/Size0001/inputs
M	benchmarks/03-fluidbed/Size0004/inputs
M	benchmarks/03-fluidbed/Size0016/inputs
M	benchmarks/03-fluidbed/Size0064/inputs
M	benchmarks/03-fluidbed/Size0256/inputs
M	benchmarks/03-fluidbed/Size1024/inputs
M	benchmarks/04-square-riser/Size0001/inputs
M	benchmarks/04-square-riser/Size0004/inputs
M	benchmarks/04-square-riser/Size0016/inputs
M	benchmarks/04-square-riser/Size0064/inputs
M	benchmarks/04-square-riser/Size0256/inputs
M	benchmarks/04-square-riser/Size1024/inputs
Your branch is up to date with 'origin/develop'.
Already on 'develop'
Already up to date.
Your branch is up to date with 'origin/jm/remove-mfix.dat'.
Already on 'jm/remove-mfix.dat'
Already up to date.
Your branch is up to date with 'origin/jm/remove-mfix.dat'.
Already on 'jm/remove-mfix.dat'
Already up to date.
M	tests/FLD01-x/inputs_multiple
M	tests/FLD01-x/inputs_single
M	tests/FLD01-x/inputs_tiled
M	tests/FLD01-x/mfix.dat
M	tests/FLD01-y/inputs_multiple
M	tests/FLD01-y/inputs_single
M	tests/FLD01-y/inputs_tiled
M	tests/FLD01-y/mfix.dat
M	tests/FLD01-z/inputs_multiple
M	tests/FLD01-z/inputs_single
M	tests/FLD01-z/inputs_tiled
M	tests/FLD01-z/mfix.dat
M	tests/FLD02-x/inputs_multiple
M	tests/FLD02-x/inputs_single
M	tests/FLD02-x/inputs_tiled
M	tests/FLD02-x/mfix.dat
M	tests/FLD02-y/inputs_multiple
M	tests/FLD02-y/inputs_single
M	tests/FLD02-y/inputs_tiled
M	tests/FLD02-y/mfix.dat
M	tests/FLD02-z/inputs_multiple
M	tests/FLD02-z/inputs_single
M	tests/FLD02-z/inputs_tiled
M	tests/FLD02-z/mfix.dat
M	tests/FLD03-x/inputs_multiple
M	tests/FLD03-x/inputs_single
M	tests/FLD03-x/inputs_tiled
M	tests/FLD03-x/mfix.dat
M	tests/FLD03-y/inputs_multiple
M	tests/FLD03-y/inputs_single
M	tests/FLD03-y/inputs_tiled
M	tests/FLD03-y/mfix.dat
M	tests/FLD03-z/inputs_multiple
M	tests/FLD03-z/inputs_single
M	tests/FLD03-z/inputs_tiled
M	tests/FLD03-z/mfix.dat
M	tests/FLD04-x/inputs_multiple
M	tests/FLD04-x/inputs_single
M	tests/FLD04-x/inputs_tiled
M	tests/FLD04-x/mfix.dat.no_particles
M	tests/FLD04-x/mfix.dat.particles
M	tests/FLD04-y/inputs_multiple
M	tests/FLD04-y/inputs_single
M	tests/FLD04-y/inputs_tiled
M	tests/FLD04-y/mfix.dat.no_particles
M	tests/FLD04-y/mfix.dat.particles
M	tests/FLD04-z/inputs_multiple
M	tests/FLD04-z/inputs_single
M	tests/FLD04-z/inputs_tiled
M	tests/FLD04-z/mfix.dat.no_particles
M	tests/FLD04-z/mfix.dat.particles
M	tests/FLD05-xy/inputs
M	tests/FLD05-xy/mfix.dat
M	tests/FLD05-xz/inputs
M	tests/FLD05-xz/mfix.dat
M	tests/FLD05-yz/inputs
M	tests/FLD05-yz/mfix.dat
M	tests/FLD07-x/inputs_single
M	tests/FLD07-x/mfix.dat
Your branch is up to date with 'origin/jm/remove-mfix.dat'.
Already on 'jm/remove-mfix.dat'
Already up to date.
Your branch is up to date with 'origin/jm/remove-mfix.dat'.
Already on 'jm/remove-mfix.dat'
Already up to date.
Your branch is up to date with 'origin/jm/remove-mfix.dat'.
Already on 'jm/remove-mfix.dat'
Already up to date.
Your branch is up to date with 'origin/jm/remove-mfix.dat'.
Already on 'jm/remove-mfix.dat'
Already up to date.
Your branch is up to date with 'origin/jm/remove-mfix.dat'.
Already on 'jm/remove-mfix.dat'
Already up to date.
Your branch is up to date with 'origin/jm/remove-mfix.dat'.
Already on 'jm/remove-mfix.dat'
Already up to date.
Your branch is up to date with 'origin/jm-remove-mfixdat'.
Switched to branch 'jm-remove-mfixdat'
Already up to date.
Your branch is up to date with 'origin/jm-remove-mfixdat'.
Already on 'jm-remove-mfixdat'
Already up to date.
Your branch is up to date with 'origin/jm-remove-mfixdat'.
Switched to branch 'jm-remove-mfixdat'
Already up to date.
Your branch is up to date with 'origin/jm-remove-mfixdat'.
Already on 'jm-remove-mfixdat'
Already up to date.
Your branch is ahead of 'origin/jm-remove-mfixdat' by 4 commits.
  (use "git push" to publish your local commits)
Already on 'jm-remove-mfixdat'
Already up to date.
Already up to date.
Your branch is up to date with 'origin/jm-remove-mfixdat'.
Already on 'jm-remove-mfixdat'
Already up to date.
M	src/des_fluid/Make.package
M	src/mods/Make.package
Your branch is up to date with 'origin/jm-remove-mfixdat'.
Already on 'jm-remove-mfixdat'
Already up to date.
Your branch is up to date with 'origin/jm-remove-mfixdat'.
Already on 'jm-remove-mfixdat'
Already up to date.
M	src/mods/MFIX_FLUID_Parms.H
Your branch is ahead of 'origin/jm-remove-mfixdat' by 2 commits.
  (use "git push" to publish your local commits)
Already on 'jm-remove-mfixdat'
Already up to date.
Your branch is up to date with 'origin/jm-remove-mfixdat'.
Already on 'jm-remove-mfixdat'
Already up to date.
Your branch is up to date with 'origin/develop'.
Switched to branch 'develop'
Already up to date.
Your branch is up to date with 'origin/develop'.
Switched to branch 'develop'
Already up to date.
Your branch is up to date with 'origin/develop'.
Switched to branch 'develop'
Already up to date.
Your branch is up to date with 'origin/jm-remove-mfixdat'.
Already on 'jm-remove-mfixdat'
Already up to date.
Your branch is up to date with 'origin/jm-remove-mfixdat'.
Already on 'jm-remove-mfixdat'
Already up to date.
Already up to date.
Already up to date.
Already up to date.
Your branch is up to date with 'origin/jm-remove-mfixdat'.
Already on 'jm-remove-mfixdat'
Already up to date.
Your branch is up to date with 'origin/jm-remove-mfixdat'.
Already on 'jm-remove-mfixdat'
Already up to date.
Your branch is up to date with 'origin/jm-remove-mfixdat'.
Already on 'jm-remove-mfixdat'
Already up to date.
Your branch is up to date with 'origin/jm-remove-mfixdat'.
Already on 'jm-remove-mfixdat'
Already up-to-date.
Already up-to-date.
M	benchmarks/01-HCS/Size0001/inputs
M	benchmarks/01-HCS/Size0001/inputs.repl
M	benchmarks/01-HCS/Size0001/inputs.repl.new
M	benchmarks/01-HCS/Size0008/inputs
M	benchmarks/01-HCS/Size0008/inputs.rt
M	benchmarks/01-HCS/Size0064/inputs
M	benchmarks/01-HCS/Size0512/inputs
M	benchmarks/01-HCS/Size4096/inputs
M	benchmarks/02-settling/Size0001/inputs
M	benchmarks/02-settling/Size0001/inputs.box
M	benchmarks/02-settling/Size0004/inputs
M	benchmarks/02-settling/Size0016/inputs
M	benchmarks/02-settling/Size0064/inputs
M	benchmarks/02-settling/Size0256/inputs
M	benchmarks/02-settling/Size1024/inputs
M	benchmarks/03-fluidbed/Size0001/inputs
M	benchmarks/03-fluidbed/Size0004/inputs
M	benchmarks/03-fluidbed/Size0016/inputs
M	benchmarks/03-fluidbed/Size0064/inputs
M	benchmarks/03-fluidbed/Size0256/inputs
M	benchmarks/03-fluidbed/Size1024/inputs
M	benchmarks/04-square-riser/Size0001/inputs
M	benchmarks/04-square-riser/Size0004/inputs
M	benchmarks/04-square-riser/Size0016/inputs
M	benchmarks/04-square-riser/Size0064/inputs
M	benchmarks/04-square-riser/Size0256/inputs
M	benchmarks/04-square-riser/Size1024/inputs
M	benchmarks/05-cyl-fluidbed/Size0001/inputs
M	benchmarks/05-cyl-fluidbed/Size0008/inputs
M	benchmarks/05-cyl-fluidbed/Size0008/inputs.rt
M	benchmarks/05-cyl-fluidbed/Size0008_medium/inputs.rt
M	benchmarks/05-cyl-fluidbed/Size0008_wide/inputs
M	benchmarks/05-cyl-fluidbed/Size0008_wide/inputs.rt
M	benchmarks/05-cyl-fluidbed/Size0064/inputs
M	benchmarks/05-cyl-fluidbed/Size0512/inputs
M	benchmarks/05-cyl-fluidbed/no-part-Size0512/inputs
M	benchmarks/06-cyl-riser/Size0001/inputs
M	benchmarks/06-cyl-riser/Size0008/inputs
M	benchmarks/06-cyl-riser/Size0008/inputs.rt
M	benchmarks/07-hopper/Size0001/inputs
M	benchmarks/07-hopper/Size0008/inputs
M	benchmarks/08-cyclone/Size0001/inputs
M	benchmarks/rtl2/fluidbed_cyl/inputs
M	benchmarks/rtl2/fluidbed_periodic/inputs
M	benchmarks/rtl2/fluidbed_sq/inputs
M	benchmarks/rtl2/hdpe_2inFB_2umf/inputs
M	benchmarks/rtl2/hdpe_disengaging_freeboard/inputs
M	benchmarks/rtl2/hopper/inputs
M	benchmarks/rtl2/riser_cyl/inputs
M	benchmarks/rtl2/riser_sq/inputs
M	benchmarks/umf/cyc/inputs
M	benchmarks/umf/nsw/inputs
M	src/main.cpp
M	src/mods/CMakeLists.txt
M	src/mods/MFIX_FLUID_Parms.H
M	src/mods/MFIX_FLUID_Parms.cpp
A	src/mods/MFIX_IC_Parms.H
A	src/mods/MFIX_IC_Parms.cpp
A	src/mods/MFIX_REGIONS_Parms.H
A	src/mods/MFIX_REGIONS_Parms.cpp
M	tests/DEM01-x/inputs
M	tests/DEM01-y/inputs
M	tests/DEM01-z/inputs
M	tests/DEM03-x/inputs
M	tests/DEM03-y/inputs
M	tests/DEM03-z/inputs
M	tests/DEM04-x/inputs
M	tests/DEM04-y/inputs
M	tests/DEM04-z/inputs
M	tests/DEM05-x/inputs
M	tests/DEM05-y/inputs
M	tests/DEM05-z/inputs
M	tests/DEM06-x/inputs_multiple
M	tests/DEM06-x/inputs_multiple_tiled
M	tests/DEM06-x/inputs_single
M	tests/DEM06-x/inputs_tiled
M	tests/DEM06-y/inputs_multiple
M	tests/DEM06-y/inputs_multiple_tiled
M	tests/DEM06-y/inputs_single
M	tests/DEM06-y/inputs_tiled
M	tests/DEM06-z/inputs_multiple
M	tests/DEM06-z/inputs_multiple_tiled
M	tests/DEM06-z/inputs_single
M	tests/DEM06-z/inputs_tiled
M	tests/DEM07/inputs_multiple
M	tests/DEM07/inputs_single
M	tests/DEM07/inputs_tiled
M	tests/FLD01-x/inputs_multiple
M	tests/FLD01-x/inputs_single
M	tests/FLD01-x/inputs_tiled
M	tests/FLD01-y/inputs_multiple
M	tests/FLD01-y/inputs_single
M	tests/FLD01-y/inputs_tiled
M	tests/FLD01-z/inputs_multiple
M	tests/FLD01-z/inputs_single
M	tests/FLD01-z/inputs_tiled
M	tests/FLD02-x/inputs_multiple
M	tests/FLD02-x/inputs_single
M	tests/FLD02-x/inputs_tiled
M	tests/FLD02-y/inputs_multiple
M	tests/FLD02-y/inputs_single
M	tests/FLD02-y/inputs_tiled
M	tests/FLD02-z/inputs_multiple
M	tests/FLD02-z/inputs_single
M	tests/FLD02-z/inputs_tiled
M	tests/FLD03-x/inputs_multiple
M	tests/FLD03-x/inputs_single
M	tests/FLD03-x/inputs_tiled
M	tests/FLD03-y/inputs_multiple
M	tests/FLD03-y/inputs_single
M	tests/FLD03-y/inputs_tiled
M	tests/FLD03-z/inputs_multiple
M	tests/FLD03-z/inputs_single
M	tests/FLD03-z/inputs_tiled
M	tests/FLD04-x/inputs_multiple
M	tests/FLD04-x/inputs_multiple.particles
M	tests/FLD04-x/inputs_single
M	tests/FLD04-x/inputs_single.particles
M	tests/FLD04-x/inputs_tiled
M	tests/FLD04-x/inputs_tiled.particles
M	tests/FLD04-y/inputs_multiple
M	tests/FLD04-y/inputs_multiple.particles
M	tests/FLD04-y/inputs_single
M	tests/FLD04-y/inputs_single.particles
M	tests/FLD04-y/inputs_tiled
M	tests/FLD04-y/inputs_tiled.particles
M	tests/FLD04-z/inputs_multiple
M	tests/FLD04-z/inputs_multiple.particles
M	tests/FLD04-z/inputs_single
M	tests/FLD04-z/inputs_single.particles
M	tests/FLD04-z/inputs_tiled
M	tests/FLD04-z/inputs_tiled.particles
M	tests/FLD05-xy/inputs
M	tests/FLD05-xz/inputs
M	tests/FLD05-yz/inputs
M	tests/FLD07-x/inputs_single
M	tests/GPU_test/inputs
M	tests/debug/box-in-box/inputs
M	tutorials/clr/air-reactor/inputs
A	tutorials/clr/air-reactor/inputs-cold
A	tutorials/clr/air-reactor/inputs-hot
M	tutorials/clr/prototype/inputs
M	tutorials/oa/fb_crash/inputs
M	tutorials/oa/fb_ok/inputs
M	tutorials/tracer/inputs
M	tutorials/wdf/boyce_1mm_agar/inputs
M	tutorials/wdf/boyce_3mm_agar/inputs
M	tutorials/wdf/fullmer_3mm_ceramic/inputs
M	tutorials/wdf/goldschmidt/inputs
M	tutorials/wdf/hcs2d/inputs
M	tutorials/wdf/link/inputs
M	tutorials/wdf/mehrdads_bed/inputs
M	tutorials/wdf/mueller/inputs
M	tutorials/wdf/sscpi/inputs
M	tutorials/wdf/wu/inputs
Already on 'jm-remove-mfixdat'
Already up-to-date.
M	benchmarks/01-HCS/Size0001/inputs
M	benchmarks/01-HCS/Size0001/inputs.repl
M	benchmarks/01-HCS/Size0001/inputs.repl.new
M	benchmarks/01-HCS/Size0008/inputs
M	benchmarks/01-HCS/Size0008/inputs.rt
M	benchmarks/01-HCS/Size0064/inputs
M	benchmarks/01-HCS/Size0512/inputs
M	benchmarks/01-HCS/Size4096/inputs
M	benchmarks/02-settling/Size0001/inputs
M	benchmarks/02-settling/Size0001/inputs.box
M	benchmarks/02-settling/Size0001/inputs.box.no_fluid
M	benchmarks/02-settling/Size0001/inputs.no_fluid
M	benchmarks/02-settling/Size0004/inputs
M	benchmarks/02-settling/Size0016/inputs
M	benchmarks/02-settling/Size0064/inputs
M	benchmarks/02-settling/Size0256/inputs
M	benchmarks/02-settling/Size1024/inputs
M	benchmarks/03-fluidbed/Size0001/inputs
M	benchmarks/03-fluidbed/Size0004/inputs
M	benchmarks/03-fluidbed/Size0016/inputs
M	benchmarks/03-fluidbed/Size0064/inputs
M	benchmarks/03-fluidbed/Size0256/inputs
M	benchmarks/03-fluidbed/Size1024/inputs
M	benchmarks/04-square-riser/Size0001/inputs
M	benchmarks/04-square-riser/Size0004/inputs
M	benchmarks/04-square-riser/Size0016/inputs
M	benchmarks/04-square-riser/Size0064/inputs
M	benchmarks/04-square-riser/Size0256/inputs
M	benchmarks/04-square-riser/Size1024/inputs
M	benchmarks/05-cyl-fluidbed/Size0001/inputs
M	benchmarks/05-cyl-fluidbed/Size0008/inputs
M	benchmarks/05-cyl-fluidbed/Size0008/inputs.rt
M	benchmarks/05-cyl-fluidbed/Size0008_medium/inputs.rt
M	benchmarks/05-cyl-fluidbed/Size0008_wide/inputs
M	benchmarks/05-cyl-fluidbed/Size0008_wide/inputs.rt
M	benchmarks/05-cyl-fluidbed/Size0064/inputs
M	benchmarks/05-cyl-fluidbed/Size0512/inputs
M	benchmarks/05-cyl-fluidbed/no-part-Size0512/inputs
M	benchmarks/06-cyl-riser/Size0001/inputs
M	benchmarks/06-cyl-riser/Size0008/inputs
M	benchmarks/06-cyl-riser/Size0008/inputs.rt
M	benchmarks/07-hopper/Size0001/inputs
M	benchmarks/07-hopper/Size0008/inputs
M	benchmarks/08-cyclone/Size0001/inputs
M	benchmarks/rtl2/fluidbed_cyl/inputs
M	benchmarks/rtl2/fluidbed_periodic/inputs
M	benchmarks/rtl2/fluidbed_sq/inputs
M	benchmarks/rtl2/hdpe_2inFB_2umf/inputs
M	benchmarks/rtl2/hdpe_disengaging_freeboard/inputs
M	benchmarks/rtl2/hopper/inputs
M	benchmarks/rtl2/riser_cyl/inputs
M	benchmarks/rtl2/riser_sq/inputs
M	benchmarks/umf/cyc/inputs
M	benchmarks/umf/nsw/inputs
M	src/des_fluid/MFIX_DEM_Parms.H
M	src/des_fluid/MFIX_DEM_Parms.cpp
M	src/main.cpp
M	src/mods/CMakeLists.txt
M	src/mods/MFIX_FLUID_Parms.H
M	src/mods/MFIX_FLUID_Parms.cpp
A	src/mods/MFIX_IC_Parms.H
A	src/mods/MFIX_IC_Parms.cpp
A	src/mods/MFIX_REGIONS_Parms.H
A	src/mods/MFIX_REGIONS_Parms.cpp
M	tests/DEM01-x/inputs
M	tests/DEM01-x/runtests.sh
M	tests/DEM01-y/inputs
M	tests/DEM01-y/runtests.sh
M	tests/DEM01-z/inputs
M	tests/DEM01-z/runtests.sh
M	tests/DEM03-x/inputs
M	tests/DEM03-y/inputs
M	tests/DEM03-z/inputs
M	tests/DEM04-x/inputs
M	tests/DEM04-x/runtests.sh
M	tests/DEM04-y/inputs
M	tests/DEM04-y/runtests.sh
M	tests/DEM04-z/inputs
M	tests/DEM04-z/runtests.sh
M	tests/DEM05-x/inputs
M	tests/DEM05-y/inputs
M	tests/DEM05-z/inputs
M	tests/DEM06-x/inputs_multiple
M	tests/DEM06-x/inputs_multiple_tiled
M	tests/DEM06-x/inputs_single
M	tests/DEM06-x/inputs_tiled
M	tests/DEM06-y/inputs_multiple
M	tests/DEM06-y/inputs_multiple_tiled
M	tests/DEM06-y/inputs_single
M	tests/DEM06-y/inputs_tiled
M	tests/DEM06-z/inputs_multiple
M	tests/DEM06-z/inputs_multiple_tiled
M	tests/DEM06-z/inputs_single
M	tests/DEM06-z/inputs_tiled
M	tests/DEM07/inputs_multiple
M	tests/DEM07/inputs_single
M	tests/DEM07/inputs_tiled
M	tests/FLD01-x/inputs_multiple
M	tests/FLD01-x/inputs_single
M	tests/FLD01-x/inputs_tiled
M	tests/FLD01-y/inputs_multiple
M	tests/FLD01-y/inputs_single
M	tests/FLD01-y/inputs_tiled
M	tests/FLD01-z/inputs_multiple
M	tests/FLD01-z/inputs_single
M	tests/FLD01-z/inputs_tiled
M	tests/FLD02-x/inputs_multiple
M	tests/FLD02-x/inputs_single
M	tests/FLD02-x/inputs_tiled
M	tests/FLD02-y/inputs_multiple
M	tests/FLD02-y/inputs_single
M	tests/FLD02-y/inputs_tiled
M	tests/FLD02-z/inputs_multiple
M	tests/FLD02-z/inputs_single
M	tests/FLD02-z/inputs_tiled
M	tests/FLD03-x/inputs_multiple
M	tests/FLD03-x/inputs_single
M	tests/FLD03-x/inputs_tiled
M	tests/FLD03-y/inputs_multiple
M	tests/FLD03-y/inputs_single
M	tests/FLD03-y/inputs_tiled
M	tests/FLD03-z/inputs_multiple
M	tests/FLD03-z/inputs_single
M	tests/FLD03-z/inputs_tiled
M	tests/FLD04-x/inputs_multiple
M	tests/FLD04-x/inputs_multiple.particles
M	tests/FLD04-x/inputs_single
M	tests/FLD04-x/inputs_single.particles
M	tests/FLD04-x/inputs_tiled
M	tests/FLD04-x/inputs_tiled.particles
M	tests/FLD04-y/inputs_multiple
M	tests/FLD04-y/inputs_multiple.particles
M	tests/FLD04-y/inputs_single
M	tests/FLD04-y/inputs_single.particles
M	tests/FLD04-y/inputs_tiled
M	tests/FLD04-y/inputs_tiled.particles
M	tests/FLD04-z/inputs_multiple
M	tests/FLD04-z/inputs_multiple.particles
M	tests/FLD04-z/inputs_single
M	tests/FLD04-z/inputs_single.particles
M	tests/FLD04-z/inputs_tiled
M	tests/FLD04-z/inputs_tiled.particles
M	tests/FLD05-xy/inputs
M	tests/FLD05-xz/inputs
M	tests/FLD05-yz/inputs
M	tests/FLD07-x/inputs_single
M	tests/GPU_test/inputs
M	tests/debug/box-in-box/inputs
M	tutorials/clr/air-reactor/inputs
A	tutorials/clr/air-reactor/inputs-cold
A	tutorials/clr/air-reactor/inputs-hot
M	tutorials/clr/prototype/inputs
M	tutorials/oa/fb_crash/inputs
M	tutorials/oa/fb_ok/inputs
M	tutorials/tracer/inputs
M	tutorials/wdf/boyce_1mm_agar/inputs
M	tutorials/wdf/boyce_3mm_agar/inputs
M	tutorials/wdf/fullmer_3mm_ceramic/inputs
M	tutorials/wdf/goldschmidt/inputs
M	tutorials/wdf/hcs2d/inputs
M	tutorials/wdf/link/inputs
M	tutorials/wdf/mehrdads_bed/inputs
M	tutorials/wdf/mueller/inputs
M	tutorials/wdf/sscpi/inputs
M	tutorials/wdf/wu/inputs
Already on 'jm-remove-mfixdat'
Already up-to-date.
Already on 'jm-remove-mfixdat'
Already up-to-date.
Already on 'jm-remove-mfixdat'
Already up-to-date.
Already on 'jm-remove-mfixdat'
Already up-to-date.
Already on 'jm-remove-mfixdat'
Already up-to-date.
Already on 'jm-remove-mfixdat'
Already up-to-date.
Already on 'develop'
Already up-to-date.
Already on 'jm-remove-mfixdat'
Already up-to-date.
Already on 'jm-remove-mfixdat'
