This file contains any messages produced by compilers while
running configure, to aid debugging if configure makes a mistake.

It was created by mfix configure 2015.2, which was
generated by GNU Autoconf 2.69.  Invocation command line was

  $ /nfs/home/2/jmusser/projects/mfix-lite/configure 

## --------- ##
## Platform. ##
## --------- ##

hostname = login2
uname -m = x86_64
uname -r = 3.18.30-service
uname -s = Linux
uname -v = #6 SMP PREEMPT Fri Apr 15 12:39:26 EDT 2016

/usr/bin/uname -p = unknown
/bin/uname -X     = unknown

/bin/arch              = x86_64
/usr/bin/arch -k       = unknown
/usr/convex/getsysinfo = unknown
/usr/bin/hostinfo      = unknown
/bin/machine           = unknown
/usr/bin/oslevel       = unknown
/bin/universe          = unknown

PATH: /nfs/apps/Allinea/SuSE.v6.0.5/bin
PATH: /nfs/apps/Compilers/GNU/6.1.0/bin
PATH: /nfs/apps/autoconf/2.69/gnu/4.6.4//bin
PATH: /nfs/home/2/jmusser/packages/git/bin
PATH: /nfs/home/2/jmusser/packages/meld-1.8.4/bin
PATH: /nfs/home/2/jmusser/packages/git/bin
PATH: /nfs/home/2/jmusser/packages/meld-1.8.4/bin
PATH: /nfs/apps/X11//libjpeg-turbo/bin
PATH: /nfs/apps/X11//TurboVNC/2.0.2/bin
PATH: /nfs/apps/X11//VirtualGL/bin
PATH: /nfs/apps/OGS/bin/linux-x64
PATH: /nfs/home/2/jmusser/bin
PATH: /usr/local/bin
PATH: /usr/bin
PATH: /bin
PATH: /usr/bin/X11
PATH: /usr/X11R6/bin
PATH: /usr/games
PATH: /usr/lib64/jvm/jre/bin


## ----------- ##
## Core tests. ##
## ----------- ##

configure:2092: ==============================================================
configure:2094: 
configure:2096:        MFIX: Multiphase Flow with Interphase eXchanges
configure:2098: 
configure:2100:                       mfix.netl.doe.gov
configure:2102: 
configure:2104:                         Version 
configure:2106: 
configure:2108: ==============================================================
configure:2132: checking whether to compile using MPI
configure:2139: result: no
configure:2301: checking for gfortran
configure:2317: found /nfs/apps/Compilers/GNU/6.1.0/bin/gfortran
configure:2328: result: gfortran
configure:2354: checking for Fortran compiler version
configure:2363: gfortran --version >&5
GNU Fortran (GCC) 6.1.0
Copyright (C) 2016 Free Software Foundation, Inc.
This is free software; see the source for copying conditions.  There is NO
warranty; not even for MERCHANTABILITY or FITNESS FOR A PARTICULAR PURPOSE.

configure:2374: $? = 0
configure:2363: gfortran -v >&5
Using built-in specs.
COLLECT_GCC=gfortran
COLLECT_LTO_WRAPPER=/.nfs/misc/apps/Compilers/GNU/6.1.0/bin/../libexec/gcc/x86_64-pc-linux-gnu/6.1.0/lto-wrapper
Target: x86_64-pc-linux-gnu
Configured with: ./configure --prefix=/nfs/apps/Compilers/GNU/6.1.0 --enable-languages=c,c++,fortran,go --disable-multilib
Thread model: posix
gcc version 6.1.0 (GCC) 
configure:2374: $? = 0
configure:2363: gfortran -V >&5
gfortran: error: unrecognized command line option '-V'
gfortran: fatal error: no input files
compilation terminated.
configure:2374: $? = 1
configure:2363: gfortran -qversion >&5
gfortran: error: unrecognized command line option '-qversion'; did you mean '--version'?
gfortran: fatal error: no input files
compilation terminated.
configure:2374: $? = 1
configure:2389: checking whether the Fortran compiler works
configure:2411: gfortran    conftest.f  >&5
configure:2415: $? = 0
configure:2463: result: yes
configure:2466: checking for Fortran compiler default output file name
configure:2468: result: a.out
configure:2474: checking for suffix of executables
configure:2481: gfortran -o conftest    conftest.f  >&5
configure:2485: $? = 0
configure:2507: result: 
configure:2523: checking whether we are cross compiling
configure:2531: gfortran -o conftest    conftest.f  >&5
configure:2535: $? = 0
configure:2542: ./conftest
configure:2546: $? = 0
configure:2561: result: no
configure:2566: checking for suffix of object files
configure:2582: gfortran -c   conftest.f >&5
configure:2586: $? = 0
configure:2607: result: o
configure:2615: checking whether we are using the GNU Fortran compiler
configure:2628: gfortran -c   conftest.F >&5
configure:2628: $? = 0
configure:2637: result: yes
configure:2643: checking whether gfortran accepts -g
configure:2654: gfortran -c -g  conftest.f >&5
configure:2654: $? = 0
configure:2662: result: yes
configure:2800: checking for grep that handles long lines and -e
configure:2858: result: /usr/bin/grep
configure:2863: checking whether ln -s works
configure:2867: result: yes
configure:2903: checking for a thread-safe mkdir -p
configure:2942: result: /bin/mkdir -p
configure:2988: checking for ranlib
configure:3004: found /usr/bin/ranlib
configure:3015: result: ranlib
configure:3143: checking for Fortran compiler version
configure:3152: gfortran --version >&5
GNU Fortran (GCC) 6.1.0
Copyright (C) 2016 Free Software Foundation, Inc.
This is free software; see the source for copying conditions.  There is NO
warranty; not even for MERCHANTABILITY or FITNESS FOR A PARTICULAR PURPOSE.

configure:3163: $? = 0
configure:3152: gfortran -v >&5
Using built-in specs.
COLLECT_GCC=gfortran
COLLECT_LTO_WRAPPER=/.nfs/misc/apps/Compilers/GNU/6.1.0/bin/../libexec/gcc/x86_64-pc-linux-gnu/6.1.0/lto-wrapper
Target: x86_64-pc-linux-gnu
Configured with: ./configure --prefix=/nfs/apps/Compilers/GNU/6.1.0 --enable-languages=c,c++,fortran,go --disable-multilib
Thread model: posix
gcc version 6.1.0 (GCC) 
configure:3163: $? = 0
configure:3152: gfortran -V >&5
gfortran: error: unrecognized command line option '-V'
gfortran: fatal error: no input files
compilation terminated.
configure:3163: $? = 1
configure:3152: gfortran -qversion >&5
gfortran: error: unrecognized command line option '-qversion'; did you mean '--version'?
gfortran: fatal error: no input files
compilation terminated.
configure:3163: $? = 1
configure:3172: checking whether we are using the GNU Fortran compiler
configure:3194: result: yes
configure:3200: checking whether gfortran accepts -g
configure:3219: result: yes
configure:3300: checking for gfortran
configure:3316: found /nfs/apps/Compilers/GNU/6.1.0/bin/gfortran
configure:3327: result: gfortran
configure:3353: checking for Fortran 77 compiler version
configure:3362: gfortran --version >&5
GNU Fortran (GCC) 6.1.0
Copyright (C) 2016 Free Software Foundation, Inc.
This is free software; see the source for copying conditions.  There is NO
warranty; not even for MERCHANTABILITY or FITNESS FOR A PARTICULAR PURPOSE.

configure:3373: $? = 0
configure:3362: gfortran -v >&5
Using built-in specs.
COLLECT_GCC=gfortran
COLLECT_LTO_WRAPPER=/.nfs/misc/apps/Compilers/GNU/6.1.0/bin/../libexec/gcc/x86_64-pc-linux-gnu/6.1.0/lto-wrapper
Target: x86_64-pc-linux-gnu
Configured with: ./configure --prefix=/nfs/apps/Compilers/GNU/6.1.0 --enable-languages=c,c++,fortran,go --disable-multilib
Thread model: posix
gcc version 6.1.0 (GCC) 
configure:3373: $? = 0
configure:3362: gfortran -V >&5
gfortran: error: unrecognized command line option '-V'
gfortran: fatal error: no input files
compilation terminated.
configure:3373: $? = 1
configure:3362: gfortran -qversion >&5
gfortran: error: unrecognized command line option '-qversion'; did you mean '--version'?
gfortran: fatal error: no input files
compilation terminated.
configure:3373: $? = 1
configure:3382: checking whether we are using the GNU Fortran 77 compiler
configure:3395: gfortran -c  conftest.F >&5
configure:3395: $? = 0
configure:3404: result: yes
configure:3410: checking whether gfortran accepts -g
configure:3421: gfortran -c -g conftest.f >&5
configure:3421: $? = 0
configure:3429: result: yes
configure:3505: checking for gcc
configure:3521: found /nfs/apps/Compilers/GNU/6.1.0/bin/gcc
configure:3532: result: gcc
configure:3761: checking for C compiler version
configure:3770: gcc --version >&5
gcc (GCC) 6.1.0
Copyright (C) 2016 Free Software Foundation, Inc.
This is free software; see the source for copying conditions.  There is NO
warranty; not even for MERCHANTABILITY or FITNESS FOR A PARTICULAR PURPOSE.

configure:3781: $? = 0
configure:3770: gcc -v >&5
Using built-in specs.
COLLECT_GCC=gcc
COLLECT_LTO_WRAPPER=/.nfs/misc/apps/Compilers/GNU/6.1.0/bin/../libexec/gcc/x86_64-pc-linux-gnu/6.1.0/lto-wrapper
Target: x86_64-pc-linux-gnu
Configured with: ./configure --prefix=/nfs/apps/Compilers/GNU/6.1.0 --enable-languages=c,c++,fortran,go --disable-multilib
Thread model: posix
gcc version 6.1.0 (GCC) 
configure:3781: $? = 0
configure:3770: gcc -V >&5
gcc: error: unrecognized command line option '-V'
gcc: fatal error: no input files
compilation terminated.
configure:3781: $? = 1
configure:3770: gcc -qversion >&5
gcc: error: unrecognized command line option '-qversion'; did you mean '--version'?
gcc: fatal error: no input files
compilation terminated.
configure:3781: $? = 1
configure:3785: checking whether we are using the GNU C compiler
configure:3804: gcc -c   conftest.c >&5
configure:3804: $? = 0
configure:3813: result: yes
configure:3822: checking whether gcc accepts -g
configure:3842: gcc -c -g  conftest.c >&5
configure:3842: $? = 0
configure:3883: result: yes
configure:3900: checking for gcc option to accept ISO C89
configure:3963: gcc  -c -g -O2  conftest.c >&5
configure:3963: $? = 0
configure:3976: result: none needed
configure:3995: checking for a sed that does not truncate output
configure:4059: result: /usr/bin/sed
configure:4072: checking for gfortran option to support OpenMP
configure:4087: gfortran -o conftest -g -O2   conftest.f  >&5
conftest.f:5:9:

       tid = 42
         1
Error: Symbol 'tid' at (1) has no IMPLICIT type
configure:4087: $? = 1
configure: failed program was:
| 
|       program main
|       implicit none
| !$    integer tid
|       tid = 42
|       call omp_set_num_threads(2)
|       end
| 
configure:4105: gfortran -o conftest -g -O2 -fopenmp   conftest.f  >&5
configure:4105: $? = 0
configure:4119: result: -fopenmp
configure:4130: checking whether Fortran compiler accepts -assume byterecl
configure:4143: gfortran -c -g -O2  -assume byterecl  conftest.f >&5
gfortran: error: byterecl: No such file or directory
gfortran: error: unrecognized command line option '-assume'; did you mean '-msse'?
configure:4143: $? = 1
configure: failed program was:
|       program main
| 
|       end
configure:4151: result: no
configure:4178: checking for a BSD-compatible install
configure:4246: result: /usr/bin/install -c
configure:4257: checking whether build environment is sane
configure:4307: result: yes
configure:4458: checking for gawk
configure:4474: found /usr/bin/gawk
configure:4485: result: gawk
configure:4496: checking whether make sets $(MAKE)
configure:4518: result: yes
configure:4691: checking for Fortran flag to compile preprocessed .F files
configure:4716: gfortran -c -g -O2  conftest.F >&5
configure:4716: $? = 0
configure:4726: gfortran -c -g -O2  conftest.F >&5
conftest.F:4:0:

 #include <ac_nonexistent.h>
 
Fatal Error: ac_nonexistent.h: No such file or directory
compilation terminated.
configure:4726: $? = 1
configure: failed program was:
|       program main
| 
| #if 1
| #include <ac_nonexistent.h>
|       choke me
| #endif
|       end
configure:4739: result: none
configure:4760: checking how to define symbols for preprocessed Fortran
configure:4782: gfortran -c -g -O2 -DFOOBAR -DZORK=42  conftest.F >&5
configure:4782: $? = 0
configure:4791: result: -D
configure:4810: checking for Fortran flag to compile preprocessed .f files
configure:4835: gfortran -c -g -O2  conftest.f >&5
conftest.f:3:2:

 #if 0
  1
Warning: Illegal preprocessor directive
conftest.f:4:2:

 #include <ac_nonexistent.h>
  1
Warning: Illegal preprocessor directive
conftest.f:6:2:

 #endif
  1
Warning: Illegal preprocessor directive
conftest.f:5:6:

       choke me
      1
Error: Unclassifiable statement at (1)
configure:4835: $? = 1
configure: failed program was:
|       program main
| 
| #if 0
| #include <ac_nonexistent.h>
|       choke me
| #endif
|       end
configure:4835: gfortran -c -g -O2 -ftpp conftest.f >&5
gfortran: error: unrecognized command line option '-ftpp'; did you mean '-Wcpp'?
configure:4835: $? = 1
configure: failed program was:
|       program main
| 
| #if 0
| #include <ac_nonexistent.h>
|       choke me
| #endif
|       end
configure:4835: gfortran -c -g -O2 -fpp conftest.f >&5
gfortran: error: unrecognized command line option '-fpp'; did you mean '-cpp'?
configure:4835: $? = 1
configure: failed program was:
|       program main
| 
| #if 0
| #include <ac_nonexistent.h>
|       choke me
| #endif
|       end
configure:4835: gfortran -c -g -O2 -Tf conftest.f >&5
conftest.f:3:2:

 #if 0
  1
Warning: Illegal preprocessor directive
conftest.f:4:2:

 #include <ac_nonexistent.h>
  1
Warning: Illegal preprocessor directive
conftest.f:6:2:

 #endif
  1
Warning: Illegal preprocessor directive
conftest.f:5:6:

       choke me
      1
Error: Unclassifiable statement at (1)
configure:4835: $? = 1
configure: failed program was:
|       program main
| 
| #if 0
| #include <ac_nonexistent.h>
|       choke me
| #endif
|       end
configure:4835: gfortran -c -g -O2 -fpp -Tf conftest.f >&5
gfortran: error: unrecognized command line option '-fpp'; did you mean '-cpp'?
configure:4835: $? = 1
configure: failed program was:
|       program main
| 
| #if 0
| #include <ac_nonexistent.h>
|       choke me
| #endif
|       end
configure:4835: gfortran -c -g -O2 -xpp=fpp conftest.f >&5
gfortran: error: language pp=fpp not recognized
gfortran: error: language pp=fpp not recognized
configure:4835: $? = 1
configure: failed program was:
|       program main
| 
| #if 0
| #include <ac_nonexistent.h>
|       choke me
| #endif
|       end
configure:4835: gfortran -c -g -O2 -Mpreprocess conftest.f >&5
gfortran: error: unrecognized command line option '-Mpreprocess'; did you mean '--preprocess'?
configure:4835: $? = 1
configure: failed program was:
|       program main
| 
| #if 0
| #include <ac_nonexistent.h>
|       choke me
| #endif
|       end
configure:4835: gfortran -c -g -O2 -e Z conftest.f >&5
conftest.f:3:2:

 #if 0
  1
Warning: Illegal preprocessor directive
conftest.f:4:2:

 #include <ac_nonexistent.h>
  1
Warning: Illegal preprocessor directive
conftest.f:6:2:

 #endif
  1
Warning: Illegal preprocessor directive
conftest.f:5:6:

       choke me
      1
Error: Unclassifiable statement at (1)
configure:4835: $? = 1
configure: failed program was:
|       program main
| 
| #if 0
| #include <ac_nonexistent.h>
|       choke me
| #endif
|       end
configure:4835: gfortran -c -g -O2 -cpp conftest.f >&5
configure:4835: $? = 0
configure:4845: gfortran -c -g -O2 -cpp conftest.f >&5
conftest.f:4:0:

 #include <ac_nonexistent.h>
 
Fatal Error: ac_nonexistent.h: No such file or directory
compilation terminated.
configure:4845: $? = 1
configure: failed program was:
|       program main
| 
| #if 1
| #include <ac_nonexistent.h>
|       choke me
| #endif
|       end
configure:4858: result: -cpp
configure:4883: checking for Fortran flag needed to accept free-form source
configure:4902: gfortran -c -g -O2 -cpp conftest.f >&5
conftest.f:2:3:

   program freeform
   1
Error: Non-numeric character in statement label at (1)
conftest.f:2:3:

   program freeform
   1
Error: Unclassifiable statement at (1)
conftest.f:4:26:

        print *, 'Hello ', &
                          1
Error: Expected expression in PRINT statement at (1)
conftest.f:5:11:

           'world.'
           1
Error: Invalid character in name at (1)
configure:4902: $? = 1
configure: failed program was:
| 
|   program freeform
|        ! FIXME: how to best confuse non-freeform compilers?
|        print *, 'Hello ', &
|           'world.'
|        end
configure:4902: gfortran -c -g -O2 -ffree-form -cpp conftest.f >&5
configure:4902: $? = 0
configure:4911: result: -ffree-form
configure:4936: checking for Fortran flag needed to accept unlimited column source lines
configure:4958: gfortran -c -g -O2 -ffree-form -cpp conftest.f >&5
conftest.f:2:132:

       subroutine longer_than_132(arg1,arg2,arg3,arg4,arg5,arg6,arg7,arg8,arg9,arg10,arg11,arg12,arg13,arg14,arg15,arg16,arg17,arg18,arg19)
                                                                                                                                    1
Error: Line truncated at (1) [-Werror=line-truncation]
conftest.f:2:132:

       subroutine longer_than_132(arg1,arg2,arg3,arg4,arg5,arg6,arg7,arg8,arg9,arg10,arg11,arg12,arg13,arg14,arg15,arg16,arg17,arg18,arg19)
                                                                                                                                    1
Error: Invalid character in name at (1)
conftest.f:3:9:

       end subroutine
         1
Error: Expecting END PROGRAM statement at (1)
f951: some warnings being treated as errors
configure:4958: $? = 1
configure: failed program was:
| 
|       subroutine longer_than_132(arg1,arg2,arg3,arg4,arg5,arg6,arg7,arg8,arg9,arg10,arg11,arg12,arg13,arg14,arg15,arg16,arg17,arg18,arg19)
|       end subroutine
configure:4958: gfortran -c -g -O2 -ffree-form -ffree-line-length-none -cpp conftest.f >&5
configure:4958: $? = 0
configure:4967: result: -ffree-line-length-none
configure:4986: checking for flag to disallow Fortran implicit declarations
configure:5005: gfortran -c -g -O2 -ffree-form -ffree-line-length-none -cpp conftest.f >&5
configure:5005: $? = 0
configure:5013: gfortran -c -g -O2 -ffree-form -ffree-line-length-none -cpp conftest.f >&5
configure:5013: $? = 0
configure:5005: gfortran -c -g -O2 -ffree-form -ffree-line-length-none -fimplicit-none -cpp conftest.f >&5
configure:5005: $? = 0
configure:5013: gfortran -c -g -O2 -ffree-form -ffree-line-length-none -fimplicit-none -cpp conftest.f >&5
conftest.f:3:7:

       i = 0
       1
Error: Symbol 'i' at (1) has no IMPLICIT type
configure:5013: $? = 1
configure: failed program was:
|       program main
| 
|       i = 0
|       print *, i
|       end
configure:5026: result: -fimplicit-none
configure:5044: checking Fortran 90 module inclusion flag
configure:5066: gfortran -c -g -O2 -ffree-form -ffree-line-length-none -fimplicit-none -cpp conftest.f >&5
configure:5066: $? = 0
configure:5080: gfortran -c -g -O2 -ffree-form -ffree-line-length-none -fimplicit-none -Mconftest.dir -Mconftest.dir -cpp conftest.f >&5
gfortran: error: unrecognized command line option '-Mconftest.dir'
gfortran: error: unrecognized command line option '-Mconftest.dir'
configure:5080: $? = 1
configure: failed program was:
| 
|       program main
|       use conftest_module
|       call conftest_routine
|       end program
configure:5080: gfortran -c -g -O2 -ffree-form -ffree-line-length-none -fimplicit-none -Iconftest.dir -Iconftest.dir -cpp conftest.f >&5
configure:5080: $? = 0
configure:5100: result: -I
configure:5115: checking Fortran 90 module output flag
configure:5143: gfortran -c -g -O2 -ffree-form -ffree-line-length-none -fimplicit-none -Jsub -cpp conftest.f >&5
configure:5143: $? = 0
configure:5152: gfortran -c -g -O2 -ffree-form -ffree-line-length-none -fimplicit-none -Jsub -cpp conftest.f >&5
f951: Warning: Nonexistent include directory 'sub' [-Wmissing-include-dirs]
configure:5152: $? = 0
configure:5173: result: -J
configure:5388: creating ./config.status

## ---------------------- ##
## Running config.status. ##
## ---------------------- ##

This file was extended by mfix config.status 2015.2, which was
generated by GNU Autoconf 2.69.  Invocation command line was

  CONFIG_FILES    = 
  CONFIG_HEADERS  = 
  CONFIG_LINKS    = 
  CONFIG_COMMANDS = 
  $ ./config.status 

on login2

config.status:786: creating Makefile
config.status:786: creating build-aux/Makefile.usr
configure:6409: ==============================================================
configure:6411: Now run "make" to build mfix with:
configure:6413: FC=gfortran
configure:6415: FCFLAGS=-g -O2 -ffree-form -ffree-line-length-none -fimplicit-none
configure:6417: F77=gfortran
configure:6419: FFLAGS=-g -O2
configure:6421: ==============================================================

## ---------------- ##
## Cache variables. ##
## ---------------- ##

ac_cv_c_compiler_gnu=yes
ac_cv_env_CC_set=
ac_cv_env_CC_value=
ac_cv_env_CFLAGS_set=
ac_cv_env_CFLAGS_value=
ac_cv_env_CPPFLAGS_set=
ac_cv_env_CPPFLAGS_value=
ac_cv_env_F77_set=
ac_cv_env_F77_value=
ac_cv_env_FCFLAGS_set=
ac_cv_env_FCFLAGS_value=
ac_cv_env_FC_set=
ac_cv_env_FC_value=
ac_cv_env_FFLAGS_set=
ac_cv_env_FFLAGS_value=
ac_cv_env_LDFLAGS_set=
ac_cv_env_LDFLAGS_value=
ac_cv_env_LIBS_set=
ac_cv_env_LIBS_value=
ac_cv_env_MPIFC_set=
ac_cv_env_MPIFC_value=
ac_cv_env_NETCDF_INCLUDE_set=
ac_cv_env_NETCDF_INCLUDE_value=
ac_cv_env_NETCDF_LIB_set=
ac_cv_env_NETCDF_LIB_value=
ac_cv_env_TAU_F90_set=
ac_cv_env_TAU_F90_value=
ac_cv_env_TAU_MAKEFILE_set=
ac_cv_env_TAU_MAKEFILE_value=
ac_cv_env_build_alias_set=
ac_cv_env_build_alias_value=
ac_cv_env_host_alias_set=
ac_cv_env_host_alias_value=
ac_cv_env_target_alias_set=
ac_cv_env_target_alias_value=
ac_cv_f77_compiler_gnu=yes
ac_cv_fc_compiler_gnu=yes
ac_cv_fc_freeform=-ffree-form
ac_cv_fc_implicit_none=-fimplicit-none
ac_cv_fc_line_length=-ffree-line-length-none
ac_cv_fc_module_flag=-I
ac_cv_fc_module_output_flag=-J
ac_cv_fc_pp_define=-D
ac_cv_fc_pp_srcext_F=none
ac_cv_fc_pp_srcext_f=-cpp
ac_cv_objext=o
ac_cv_path_GREP=/usr/bin/grep
ac_cv_path_SED=/usr/bin/sed
ac_cv_path_install='/usr/bin/install -c'
ac_cv_path_mkdir=/bin/mkdir
ac_cv_prog_AWK=gawk
ac_cv_prog_ac_ct_CC=gcc
ac_cv_prog_ac_ct_F77=gfortran
ac_cv_prog_ac_ct_FC=gfortran
ac_cv_prog_ac_ct_RANLIB=ranlib
ac_cv_prog_cc_c89=
ac_cv_prog_cc_g=yes
ac_cv_prog_f77_g=yes
ac_cv_prog_fc_g=yes
ac_cv_prog_fc_openmp=-fopenmp
ac_cv_prog_make_make_set=yes
ax_cv_check_fcflags___assume_byterecl=no

## ----------------- ##
## Output variables. ##
## ----------------- ##

'
'
ACLOCAL='${SHELL} /nfs/home/2/jmusser/projects/mfix-lite/missing --run aclocal-1.11'
AMTAR='${SHELL} /nfs/home/2/jmusser/projects/mfix-lite/missing --run tar'
AUTOCONF='${SHELL} /nfs/home/2/jmusser/projects/mfix-lite/missing --run autoconf'
AUTOHEADER='${SHELL} /nfs/home/2/jmusser/projects/mfix-lite/missing --run autoheader'
AUTOMAKE='${SHELL} /nfs/home/2/jmusser/projects/mfix-lite/missing --run automake-1.11'
AWK='gawk'
CC='gcc'
CFLAGS='-g -O2'
CPPFLAGS=''
CYGPATH_W='echo'
DEFS='-DPACKAGE_NAME=\"mfix\" -DPACKAGE_TARNAME=\"mfix\" -DPACKAGE_VERSION=\"2015.2\" -DPACKAGE_STRING=\"mfix\ 2015.2\" -DPACKAGE_BUGREPORT=\"develop@mfix.netl.doe.gov\" -DPACKAGE_URL=\"\" -DPACKAGE=\"mfix\" -DVERSION=\"2015.2\"'
ECHO_C=''
ECHO_N='-n'
ECHO_T=''
EXEEXT=''
F77='gfortran'
FC='gfortran'
FCFLAGS='-g -O2 -ffree-form -ffree-line-length-none -fimplicit-none'
FCFLAGS_F=''
FCFLAGS_f='-cpp'
FC_DEFINE='-D'
FC_MODINC='-I'
FC_MODOUT='-J'
FFLAGS='-g -O2'
GREP='/usr/bin/grep'
INSTALL_DATA='${INSTALL} -m 644'
INSTALL_PROGRAM='${INSTALL}'
INSTALL_SCRIPT='${INSTALL}'
INSTALL_STRIP_PROGRAM='$(install_sh) -c -s'
LDFLAGS=''
LIBOBJS=''
LIBS=''
LN_S='ln -s'
LTLIBOBJS=''
MAKEINFO='${SHELL} /nfs/home/2/jmusser/projects/mfix-lite/missing --run makeinfo'
MKDIR_P='/bin/mkdir -p'
MKL_FALSE=''
MKL_TRUE='#'
MPIFC=''
MPI_FALSE=''
MPI_TRUE='#'
NETCDF_INCLUDE=''
NETCDF_LIB=''
OBJEXT='o'
OPENMP_FALSE=''
OPENMP_FCFLAGS='-fopenmp'
OPENMP_TRUE='#'
PACKAGE='mfix'
PACKAGE_BUGREPORT='develop@mfix.netl.doe.gov'
PACKAGE_NAME='mfix'
PACKAGE_STRING='mfix 2015.2'
PACKAGE_TARNAME='mfix'
PACKAGE_URL=''
PACKAGE_VERSION='2015.2'
PATH_SEPARATOR=':'
RANLIB='ranlib'
SED='/usr/bin/sed'
SET_MAKE=''
SHELL='/bin/sh'
STRIP=''
TAU_F90=''
TAU_MAKEFILE=''
USE_NETCDF_FALSE=''
USE_NETCDF_TRUE='#'
USE_SOCKET_FALSE=''
USE_SOCKET_TRUE='#'
VERSION='2015.2'
ac_ct_CC='gcc'
ac_ct_F77='gfortran'
ac_ct_FC='gfortran'
ac_empty=''
am__EXEEXT_FALSE=''
am__EXEEXT_TRUE='#'
am__isrc=' -I$(srcdir)'
am__leading_dot='.'
am__tar='${AMTAR} chof - "$$tardir"'
am__untar='${AMTAR} xf -'
bindir='${exec_prefix}/bin'
build_alias=''
datadir='${datarootdir}'
datarootdir='${prefix}/share'
docdir='${datarootdir}/doc/${PACKAGE_TARNAME}'
dvidir='${docdir}'
endif
exec_prefix='${prefix}'
host_alias=''
htmldir='${docdir}'
ifneq ($(MAKECMDGOALS),clean)
includedir='${prefix}/include'
infodir='${datarootdir}/info'
install_sh='${SHELL} /nfs/home/2/jmusser/projects/mfix-lite/install-sh'
libdir='${exec_prefix}/lib'
libexecdir='${exec_prefix}/libexec'
localedir='${datarootdir}/locale'
localstatedir='${prefix}/var'
make_endif='
make_ifnotclean='
mandir='${datarootdir}/man'
mkdir_p='/bin/mkdir -p'
oldincludedir='/usr/include'
pdfdir='${docdir}'
prefix='/usr/local'
program_transform_name='s,x,x,'
psdir='${docdir}'
sbindir='${exec_prefix}/sbin'
sharedstatedir='${prefix}/com'
sysconfdir='${prefix}/etc'
target_alias=''

## ----------- ##
## confdefs.h. ##
## ----------- ##

/* confdefs.h */
#define PACKAGE_NAME "mfix"
#define PACKAGE_TARNAME "mfix"
#define PACKAGE_VERSION "2015.2"
#define PACKAGE_STRING "mfix 2015.2"
#define PACKAGE_BUGREPORT "develop@mfix.netl.doe.gov"
#define PACKAGE_URL ""
#define PACKAGE "mfix"
#define VERSION "2015.2"

configure: exit 0

## ---------------------- ##
## Running config.status. ##
## ---------------------- ##

This file was extended by mfix config.status 2015.2, which was
generated by GNU Autoconf 2.69.  Invocation command line was

  CONFIG_FILES    = 
  CONFIG_HEADERS  = 
  CONFIG_LINKS    = 
  CONFIG_COMMANDS = 
  $ ./config.status Makefile

on login2

config.status:786: creating Makefile
